<?xml version="1.0" encoding="UTF-8"?>
<coverage generated="1765506056897" clover="3.2.0">
  <project timestamp="1765506056897" name="All files">
    <metrics statements="297" coveredstatements="287" conditionals="119" coveredconditionals="104" methods="29" coveredmethods="28" elements="445" coveredelements="419" complexity="0" loc="297" ncloc="297" packages="5" files="15" classes="15"/>
    <package name="controllers">
      <metrics statements="203" coveredstatements="195" conditionals="109" coveredconditionals="96" methods="17" coveredmethods="16"/>
      <file name="AIController.js" path="C:\Users\mgheb\OneDrive\Dokumen\Hacktiv8\Phase 2\Week3\IP-HCK90\server\controllers\AIController.js">
        <metrics statements="34" coveredstatements="32" conditionals="36" coveredconditionals="31" methods="1" coveredmethods="1"/>
        <line num="1" count="8" type="stmt"/>
        <line num="5" count="12" type="stmt"/>
        <line num="6" count="12" type="stmt"/>
        <line num="7" count="12" type="stmt"/>
        <line num="9" count="12" type="cond" truecount="1" falsecount="0"/>
        <line num="11" count="12" type="cond" truecount="5" falsecount="0"/>
        <line num="12" count="1" type="stmt"/>
        <line num="17" count="11" type="cond" truecount="1" falsecount="1"/>
        <line num="18" count="0" type="stmt"/>
        <line num="19" count="0" type="stmt"/>
        <line num="22" count="11" type="stmt"/>
        <line num="23" count="11" type="stmt"/>
        <line num="25" count="11" type="stmt"/>
        <line num="26" count="11" type="cond" truecount="2" falsecount="0"/>
        <line num="30" count="11" type="cond" truecount="5" falsecount="0"/>
        <line num="32" count="6" type="stmt"/>
        <line num="33" count="6" type="stmt"/>
        <line num="35" count="2" type="stmt"/>
        <line num="36" count="2" type="stmt"/>
        <line num="38" count="1" type="stmt"/>
        <line num="39" count="1" type="stmt"/>
        <line num="41" count="1" type="stmt"/>
        <line num="42" count="1" type="stmt"/>
        <line num="44" count="1" type="stmt"/>
        <line num="47" count="11" type="stmt"/>
        <line num="48" count="9" type="stmt"/>
        <line num="49" count="9" type="stmt"/>
        <line num="51" count="9" type="stmt"/>
        <line num="60" count="2" type="stmt"/>
        <line num="61" count="2" type="stmt"/>
        <line num="63" count="2" type="cond" truecount="1" falsecount="2"/>
        <line num="66" count="2" type="stmt"/>
        <line num="73" count="2" type="stmt"/>
        <line num="86" count="8" type="stmt"/>
      </file>
      <file name="FavoriteController.js" path="C:\Users\mgheb\OneDrive\Dokumen\Hacktiv8\Phase 2\Week3\IP-HCK90\server\controllers\FavoriteController.js">
        <metrics statements="32" coveredstatements="29" conditionals="10" coveredconditionals="9" methods="3" coveredmethods="3"/>
        <line num="1" count="8" type="stmt"/>
        <line num="5" count="3" type="stmt"/>
        <line num="6" count="3" type="stmt"/>
        <line num="8" count="3" type="stmt"/>
        <line num="19" count="2" type="stmt"/>
        <line num="21" count="1" type="stmt"/>
        <line num="22" count="1" type="stmt"/>
        <line num="27" count="5" type="stmt"/>
        <line num="28" count="5" type="stmt"/>
        <line num="42" count="5" type="stmt"/>
        <line num="44" count="5" type="cond" truecount="4" falsecount="0"/>
        <line num="45" count="2" type="stmt"/>
        <line num="51" count="3" type="stmt"/>
        <line num="58" count="3" type="cond" truecount="2" falsecount="0"/>
        <line num="59" count="1" type="stmt"/>
        <line num="64" count="2" type="stmt"/>
        <line num="80" count="1" type="stmt"/>
        <line num="85" count="1" type="stmt"/>
        <line num="87" count="1" type="cond" truecount="1" falsecount="1"/>
        <line num="88" count="0" type="stmt"/>
        <line num="91" count="1" type="stmt"/>
        <line num="96" count="4" type="stmt"/>
        <line num="97" count="4" type="stmt"/>
        <line num="98" count="4" type="stmt"/>
        <line num="100" count="4" type="stmt"/>
        <line num="107" count="4" type="cond" truecount="2" falsecount="0"/>
        <line num="108" count="3" type="stmt"/>
        <line num="111" count="1" type="stmt"/>
        <line num="113" count="1" type="stmt"/>
        <line num="117" count="0" type="stmt"/>
        <line num="118" count="0" type="stmt"/>
        <line num="123" count="8" type="stmt"/>
      </file>
      <file name="NewsController.js" path="C:\Users\mgheb\OneDrive\Dokumen\Hacktiv8\Phase 2\Week3\IP-HCK90\server\controllers\NewsController.js">
        <metrics statements="34" coveredstatements="32" conditionals="30" coveredconditionals="26" methods="3" coveredmethods="3"/>
        <line num="1" count="8" type="stmt"/>
        <line num="4" count="8" type="stmt"/>
        <line num="99" count="20" type="stmt"/>
        <line num="100" count="20" type="cond" truecount="5" falsecount="0"/>
        <line num="102" count="20" type="stmt"/>
        <line num="103" count="20" type="stmt"/>
        <line num="104" count="20" type="cond" truecount="1" falsecount="1"/>
        <line num="107" count="20" type="stmt"/>
        <line num="109" count="20" type="stmt"/>
        <line num="111" count="20" type="stmt"/>
        <line num="113" count="9" type="cond" truecount="2" falsecount="0"/>
        <line num="115" count="9" type="stmt"/>
        <line num="120" count="11" type="cond" truecount="2" falsecount="0"/>
        <line num="123" count="11" type="cond" truecount="6" falsecount="0"/>
        <line num="127" count="6" type="stmt"/>
        <line num="130" count="6" type="cond" truecount="1" falsecount="1"/>
        <line num="131" count="6" type="cond" truecount="1" falsecount="1"/>
        <line num="134" count="6" type="stmt"/>
        <line num="135" count="6" type="stmt"/>
        <line num="136" count="60" type="stmt"/>
        <line num="137" count="600" type="stmt"/>
        <line num="148" count="6" type="stmt"/>
        <line num="149" count="6" type="stmt"/>
        <line num="150" count="6" type="stmt"/>
        <line num="152" count="6" type="stmt"/>
        <line num="160" count="5" type="stmt"/>
        <line num="168" count="6" type="stmt"/>
        <line num="169" count="6" type="stmt"/>
        <line num="171" count="6" type="cond" truecount="2" falsecount="0"/>
        <line num="172" count="4" type="stmt"/>
        <line num="177" count="2" type="stmt"/>
        <line num="182" count="0" type="stmt"/>
        <line num="183" count="0" type="stmt"/>
        <line num="188" count="8" type="stmt"/>
      </file>
      <file name="UserController.js" path="C:\Users\mgheb\OneDrive\Dokumen\Hacktiv8\Phase 2\Week3\IP-HCK90\server\controllers\UserController.js">
        <metrics statements="103" coveredstatements="102" conditionals="33" coveredconditionals="30" methods="10" coveredmethods="9"/>
        <line num="1" count="8" type="stmt"/>
        <line num="2" count="8" type="stmt"/>
        <line num="3" count="8" type="stmt"/>
        <line num="4" count="8" type="stmt"/>
        <line num="5" count="8" type="stmt"/>
        <line num="6" count="8" type="stmt"/>
        <line num="9" count="8" type="stmt"/>
        <line num="10" count="8" type="stmt"/>
        <line num="11" count="8" type="stmt"/>
        <line num="12" count="8" type="cond" truecount="1" falsecount="1"/>
        <line num="14" count="8" type="stmt"/>
        <line num="20" count="8" type="stmt"/>
        <line num="24" count="8" type="stmt"/>
        <line num="26" count="8" type="stmt"/>
        <line num="30" count="8" type="stmt"/>
        <line num="31" count="8" type="stmt"/>
        <line num="33" count="8" type="cond" truecount="5" falsecount="0"/>
        <line num="34" count="3" type="stmt"/>
        <line num="39" count="5" type="stmt"/>
        <line num="40" count="5" type="cond" truecount="2" falsecount="0"/>
        <line num="41" count="1" type="stmt"/>
        <line num="44" count="4" type="stmt"/>
        <line num="51" count="1" type="stmt"/>
        <line num="61" count="3" type="stmt"/>
        <line num="63" count="3" type="cond" truecount="2" falsecount="0"/>
        <line num="64" count="1" type="stmt"/>
        <line num="67" count="2" type="stmt"/>
        <line num="72" count="9" type="stmt"/>
        <line num="73" count="9" type="stmt"/>
        <line num="74" count="9" type="stmt"/>
        <line num="79" count="9" type="stmt"/>
        <line num="81" count="9" type="cond" truecount="4" falsecount="0"/>
        <line num="82" count="2" type="stmt"/>
        <line num="83" count="2" type="stmt"/>
        <line num="88" count="7" type="stmt"/>
        <line num="90" count="6" type="cond" truecount="2" falsecount="0"/>
        <line num="91" count="2" type="stmt"/>
        <line num="92" count="2" type="stmt"/>
        <line num="95" count="4" type="stmt"/>
        <line num="96" count="4" type="cond" truecount="2" falsecount="0"/>
        <line num="97" count="2" type="stmt"/>
        <line num="98" count="2" type="stmt"/>
        <line num="101" count="2" type="stmt"/>
        <line num="102" count="2" type="stmt"/>
        <line num="104" count="2" type="stmt"/>
        <line num="106" count="1" type="stmt"/>
        <line num="107" count="1" type="stmt"/>
        <line num="112" count="8" type="stmt"/>
        <line num="113" count="8" type="stmt"/>
        <line num="115" count="8" type="cond" truecount="2" falsecount="0"/>
        <line num="116" count="2" type="stmt"/>
        <line num="119" count="6" type="stmt"/>
        <line num="124" count="2" type="stmt"/>
        <line num="125" count="2" type="stmt"/>
        <line num="127" count="2" type="stmt"/>
        <line num="129" count="2" type="cond" truecount="2" falsecount="0"/>
        <line num="132" count="1" type="stmt"/>
        <line num="135" count="1" type="stmt"/>
        <line num="143" count="2" type="stmt"/>
        <line num="145" count="2" type="stmt"/>
        <line num="155" count="4" type="stmt"/>
        <line num="156" count="4" type="stmt"/>
        <line num="164" count="9" type="stmt"/>
        <line num="165" count="9" type="stmt"/>
        <line num="166" count="9" type="stmt"/>
        <line num="167" count="9" type="stmt"/>
        <line num="169" count="9" type="cond" truecount="2" falsecount="0"/>
        <line num="170" count="3" type="stmt"/>
        <line num="171" count="3" type="stmt"/>
        <line num="174" count="6" type="stmt"/>
        <line num="179" count="6" type="stmt"/>
        <line num="180" count="6" type="stmt"/>
        <line num="181" count="6" type="stmt"/>
        <line num="183" count="6" type="stmt"/>
        <line num="189" count="2" type="cond" truecount="2" falsecount="0"/>
        <line num="190" count="1" type="stmt"/>
        <line num="192" count="1" type="stmt"/>
        <line num="196" count="2" type="stmt"/>
        <line num="199" count="6" type="stmt"/>
        <line num="203" count="1" type="stmt"/>
        <line num="204" count="1" type="stmt"/>
        <line num="206" count="5" type="stmt"/>
        <line num="209" count="5" type="stmt"/>
        <line num="210" count="5" type="stmt"/>
        <line num="211" count="5" type="stmt"/>
        <line num="215" count="6" type="stmt"/>
        <line num="217" count="5" type="cond" truecount="1" falsecount="1"/>
        <line num="218" count="0" type="stmt"/>
        <line num="221" count="5" type="stmt"/>
        <line num="222" count="5" type="stmt"/>
        <line num="224" count="5" type="stmt"/>
        <line num="225" count="5" type="stmt"/>
        <line num="230" count="1" type="stmt"/>
        <line num="231" count="1" type="stmt"/>
        <line num="239" count="5" type="stmt"/>
        <line num="240" count="5" type="stmt"/>
        <line num="242" count="5" type="stmt"/>
        <line num="246" count="4" type="cond" truecount="2" falsecount="0"/>
        <line num="247" count="2" type="stmt"/>
        <line num="250" count="2" type="stmt"/>
        <line num="252" count="1" type="stmt"/>
        <line num="253" count="1" type="stmt"/>
        <line num="258" count="8" type="stmt"/>
      </file>
    </package>
    <package name="helpers">
      <metrics statements="20" coveredstatements="20" conditionals="0" coveredconditionals="0" methods="5" coveredmethods="5"/>
      <file name="bcrypt.js" path="C:\Users\mgheb\OneDrive\Dokumen\Hacktiv8\Phase 2\Week3\IP-HCK90\server\helpers\bcrypt.js">
        <metrics statements="7" coveredstatements="7" conditionals="0" coveredconditionals="0" methods="2" coveredmethods="2"/>
        <line num="1" count="11" type="stmt"/>
        <line num="2" count="11" type="stmt"/>
        <line num="3" count="20" type="stmt"/>
        <line num="4" count="20" type="stmt"/>
        <line num="7" count="11" type="stmt"/>
        <line num="8" count="9" type="stmt"/>
        <line num="12" count="11" type="stmt"/>
      </file>
      <file name="jwt.js" path="C:\Users\mgheb\OneDrive\Dokumen\Hacktiv8\Phase 2\Week3\IP-HCK90\server\helpers\jwt.js">
        <metrics statements="4" coveredstatements="4" conditionals="0" coveredconditionals="0" methods="2" coveredmethods="2"/>
        <line num="1" count="10" type="stmt"/>
        <line num="3" count="23" type="stmt"/>
        <line num="4" count="78" type="stmt"/>
        <line num="6" count="10" type="stmt"/>
      </file>
      <file name="logger.js" path="C:\Users\mgheb\OneDrive\Dokumen\Hacktiv8\Phase 2\Week3\IP-HCK90\server\helpers\logger.js">
        <metrics statements="9" coveredstatements="9" conditionals="0" coveredconditionals="0" methods="1" coveredmethods="1"/>
        <line num="1" count="8" type="stmt"/>
        <line num="2" count="8" type="stmt"/>
        <line num="4" count="8" type="stmt"/>
        <line num="6" count="8" type="stmt"/>
        <line num="7" count="2" type="stmt"/>
        <line num="8" count="2" type="stmt"/>
        <line num="9" count="2" type="stmt"/>
        <line num="10" count="2" type="stmt"/>
        <line num="13" count="8" type="stmt"/>
      </file>
    </package>
    <package name="middlewares">
      <metrics statements="26" coveredstatements="24" conditionals="10" coveredconditionals="8" methods="2" coveredmethods="2"/>
      <file name="authentication.js" path="C:\Users\mgheb\OneDrive\Dokumen\Hacktiv8\Phase 2\Week3\IP-HCK90\server\middlewares\authentication.js">
        <metrics statements="19" coveredstatements="17" conditionals="8" coveredconditionals="6" methods="1" coveredmethods="1"/>
        <line num="1" count="9" type="stmt"/>
        <line num="3" count="9" type="stmt"/>
        <line num="4" count="80" type="stmt"/>
        <line num="5" count="80" type="stmt"/>
        <line num="7" count="80" type="cond" truecount="2" falsecount="0"/>
        <line num="8" count="7" type="stmt"/>
        <line num="11" count="73" type="stmt"/>
        <line num="13" count="73" type="cond" truecount="2" falsecount="0"/>
        <line num="14" count="2" type="stmt"/>
        <line num="17" count="71" type="stmt"/>
        <line num="18" count="68" type="stmt"/>
        <line num="19" count="68" type="stmt"/>
        <line num="21" count="3" type="stmt"/>
        <line num="23" count="3" type="cond" truecount="1" falsecount="1"/>
        <line num="24" count="0" type="stmt"/>
        <line num="27" count="3" type="cond" truecount="1" falsecount="1"/>
        <line num="28" count="3" type="stmt"/>
        <line num="31" count="0" type="stmt"/>
        <line num="35" count="9" type="stmt"/>
      </file>
      <file name="upload.js" path="C:\Users\mgheb\OneDrive\Dokumen\Hacktiv8\Phase 2\Week3\IP-HCK90\server\middlewares\upload.js">
        <metrics statements="7" coveredstatements="7" conditionals="2" coveredconditionals="2" methods="1" coveredmethods="1"/>
        <line num="1" count="8" type="stmt"/>
        <line num="4" count="8" type="stmt"/>
        <line num="6" count="8" type="stmt"/>
        <line num="13" count="8" type="cond" truecount="2" falsecount="0"/>
        <line num="14" count="1" type="stmt"/>
        <line num="16" count="7" type="stmt"/>
        <line num="20" count="8" type="stmt"/>
      </file>
    </package>
    <package name="models">
      <metrics statements="13" coveredstatements="13" conditionals="0" coveredconditionals="0" methods="5" coveredmethods="5"/>
      <file name="favorite.js" path="C:\Users\mgheb\OneDrive\Dokumen\Hacktiv8\Phase 2\Week3\IP-HCK90\server\models\favorite.js">
        <metrics statements="5" coveredstatements="5" conditionals="0" coveredconditionals="0" methods="2" coveredmethods="2"/>
        <line num="2" count="11" type="stmt"/>
        <line num="3" count="11" type="stmt"/>
        <line num="12" count="11" type="stmt"/>
        <line num="15" count="11" type="stmt"/>
        <line num="49" count="11" type="stmt"/>
      </file>
      <file name="user.js" path="C:\Users\mgheb\OneDrive\Dokumen\Hacktiv8\Phase 2\Week3\IP-HCK90\server\models\user.js">
        <metrics statements="8" coveredstatements="8" conditionals="0" coveredconditionals="0" methods="3" coveredmethods="3"/>
        <line num="2" count="11" type="stmt"/>
        <line num="3" count="11" type="stmt"/>
        <line num="4" count="11" type="stmt"/>
        <line num="13" count="11" type="stmt"/>
        <line num="16" count="11" type="stmt"/>
        <line num="63" count="11" type="stmt"/>
        <line num="64" count="14" type="stmt"/>
        <line num="66" count="11" type="stmt"/>
      </file>
    </package>
    <package name="routes">
      <metrics statements="35" coveredstatements="35" conditionals="0" coveredconditionals="0" methods="0" coveredmethods="0"/>
      <file name="aiRoutes.js" path="C:\Users\mgheb\OneDrive\Dokumen\Hacktiv8\Phase 2\Week3\IP-HCK90\server\routes\aiRoutes.js">
        <metrics statements="7" coveredstatements="7" conditionals="0" coveredconditionals="0" methods="0" coveredmethods="0"/>
        <line num="1" count="8" type="stmt"/>
        <line num="2" count="8" type="stmt"/>
        <line num="3" count="8" type="stmt"/>
        <line num="4" count="8" type="stmt"/>
        <line num="7" count="8" type="stmt"/>
        <line num="9" count="8" type="stmt"/>
        <line num="11" count="8" type="stmt"/>
      </file>
      <file name="favoriteRoutes.js" path="C:\Users\mgheb\OneDrive\Dokumen\Hacktiv8\Phase 2\Week3\IP-HCK90\server\routes\favoriteRoutes.js">
        <metrics statements="9" coveredstatements="9" conditionals="0" coveredconditionals="0" methods="0" coveredmethods="0"/>
        <line num="1" count="8" type="stmt"/>
        <line num="2" count="8" type="stmt"/>
        <line num="3" count="8" type="stmt"/>
        <line num="4" count="8" type="stmt"/>
        <line num="7" count="8" type="stmt"/>
        <line num="9" count="8" type="stmt"/>
        <line num="10" count="8" type="stmt"/>
        <line num="11" count="8" type="stmt"/>
        <line num="13" count="8" type="stmt"/>
      </file>
      <file name="newsRoutes.js" path="C:\Users\mgheb\OneDrive\Dokumen\Hacktiv8\Phase 2\Week3\IP-HCK90\server\routes\newsRoutes.js">
        <metrics statements="7" coveredstatements="7" conditionals="0" coveredconditionals="0" methods="0" coveredmethods="0"/>
        <line num="1" count="8" type="stmt"/>
        <line num="2" count="8" type="stmt"/>
        <line num="3" count="8" type="stmt"/>
        <line num="4" count="8" type="stmt"/>
        <line num="7" count="8" type="stmt"/>
        <line num="8" count="8" type="stmt"/>
        <line num="10" count="8" type="stmt"/>
      </file>
      <file name="userRoutes.js" path="C:\Users\mgheb\OneDrive\Dokumen\Hacktiv8\Phase 2\Week3\IP-HCK90\server\routes\userRoutes.js">
        <metrics statements="12" coveredstatements="12" conditionals="0" coveredconditionals="0" methods="0" coveredmethods="0"/>
        <line num="1" count="8" type="stmt"/>
        <line num="2" count="8" type="stmt"/>
        <line num="3" count="8" type="stmt"/>
        <line num="4" count="8" type="stmt"/>
        <line num="5" count="8" type="stmt"/>
        <line num="8" count="8" type="stmt"/>
        <line num="9" count="8" type="stmt"/>
        <line num="10" count="8" type="stmt"/>
        <line num="13" count="8" type="stmt"/>
        <line num="14" count="8" type="stmt"/>
        <line num="15" count="8" type="stmt"/>
        <line num="21" count="8" type="stmt"/>
      </file>
    </package>
  </project>
</coverage>
