{"C:\\Users\\mgheb\\OneDrive\\Dokumen\\Hacktiv8\\Phase 2\\Week3\\IP-HCK90\\server\\controllers\\AIController.js": {"path":"C:\\Users\\mgheb\\OneDrive\\Dokumen\\Hacktiv8\\Phase 2\\Week3\\IP-HCK90\\server\\controllers\\AIController.js","statementMap":{"0":{"start":{"line":1,"column":31},"end":{"line":1,"column":63}},"1":{"start":{"line":5,"column":4},"end":{"line":82,"column":5}},"2":{"start":{"line":6,"column":6},"end":{"line":6,"column":52}},"3":{"start":{"line":7,"column":6},"end":{"line":7,"column":45}},"4":{"start":{"line":9,"column":68},"end":{"line":9,"column":76}},"5":{"start":{"line":11,"column":6},"end":{"line":15,"column":7}},"6":{"start":{"line":12,"column":8},"end":{"line":14,"column":11}},"7":{"start":{"line":17,"column":6},"end":{"line":20,"column":7}},"8":{"start":{"line":18,"column":8},"end":{"line":18,"column":66}},"9":{"start":{"line":19,"column":8},"end":{"line":19,"column":50}},"10":{"start":{"line":22,"column":20},"end":{"line":22,"column":70}},"11":{"start":{"line":23,"column":20},"end":{"line":23,"column":69}},"12":{"start":{"line":25,"column":19},"end":{"line":25,"column":21}},"13":{"start":{"line":26,"column":26},"end":{"line":28,"column":40}},"14":{"start":{"line":30,"column":6},"end":{"line":45,"column":7}},"15":{"start":{"line":32,"column":10},"end":{"line":32,"column":120}},"16":{"start":{"line":33,"column":10},"end":{"line":33,"column":16}},"17":{"start":{"line":35,"column":10},"end":{"line":35,"column":232}},"18":{"start":{"line":36,"column":10},"end":{"line":36,"column":16}},"19":{"start":{"line":38,"column":10},"end":{"line":38,"column":175}},"20":{"start":{"line":39,"column":10},"end":{"line":39,"column":16}},"21":{"start":{"line":41,"column":10},"end":{"line":41,"column":210}},"22":{"start":{"line":42,"column":10},"end":{"line":42,"column":16}},"23":{"start":{"line":44,"column":10},"end":{"line":44,"column":97}},"24":{"start":{"line":47,"column":21},"end":{"line":47,"column":56}},"25":{"start":{"line":48,"column":23},"end":{"line":48,"column":44}},"26":{"start":{"line":49,"column":19},"end":{"line":49,"column":34}},"27":{"start":{"line":51,"column":6},"end":{"line":58,"column":9}},"28":{"start":{"line":60,"column":6},"end":{"line":60,"column":57}},"29":{"start":{"line":61,"column":6},"end":{"line":61,"column":41}},"30":{"start":{"line":63,"column":68},"end":{"line":63,"column":82}},"31":{"start":{"line":66,"column":31},"end":{"line":71,"column":7}},"32":{"start":{"line":73,"column":6},"end":{"line":81,"column":9}},"33":{"start":{"line":86,"column":0},"end":{"line":86,"column":30}}},"fnMap":{"0":{"name":"(anonymous_0)","decl":{"start":{"line":4,"column":2},"end":{"line":4,"column":3}},"loc":{"start":{"line":4,"column":37},"end":{"line":83,"column":3}},"line":4}},"branchMap":{"0":{"loc":{"start":{"line":9,"column":43},"end":{"line":9,"column":63}},"type":"default-arg","locations":[{"start":{"line":9,"column":52},"end":{"line":9,"column":63}}],"line":9},"1":{"loc":{"start":{"line":11,"column":6},"end":{"line":15,"column":7}},"type":"if","locations":[{"start":{"line":11,"column":6},"end":{"line":15,"column":7}},{"start":{},"end":{}}],"line":11},"2":{"loc":{"start":{"line":11,"column":10},"end":{"line":11,"column":44}},"type":"binary-expr","locations":[{"start":{"line":11,"column":10},"end":{"line":11,"column":16}},{"start":{"line":11,"column":20},"end":{"line":11,"column":28}},{"start":{"line":11,"column":32},"end":{"line":11,"column":44}}],"line":11},"3":{"loc":{"start":{"line":17,"column":6},"end":{"line":20,"column":7}},"type":"if","locations":[{"start":{"line":17,"column":6},"end":{"line":20,"column":7}},{"start":{},"end":{}}],"line":17},"4":{"loc":{"start":{"line":26,"column":36},"end":{"line":26,"column":50}},"type":"binary-expr","locations":[{"start":{"line":26,"column":36},"end":{"line":26,"column":41}},{"start":{"line":26,"column":45},"end":{"line":26,"column":50}}],"line":26},"5":{"loc":{"start":{"line":27,"column":8},"end":{"line":27,"column":28}},"type":"binary-expr","locations":[{"start":{"line":27,"column":8},"end":{"line":27,"column":19}},{"start":{"line":27,"column":23},"end":{"line":27,"column":28}}],"line":27},"6":{"loc":{"start":{"line":28,"column":22},"end":{"line":28,"column":38}},"type":"binary-expr","locations":[{"start":{"line":28,"column":22},"end":{"line":28,"column":29}},{"start":{"line":28,"column":33},"end":{"line":28,"column":38}}],"line":28},"7":{"loc":{"start":{"line":30,"column":6},"end":{"line":45,"column":7}},"type":"switch","locations":[{"start":{"line":31,"column":8},"end":{"line":33,"column":16}},{"start":{"line":34,"column":8},"end":{"line":36,"column":16}},{"start":{"line":37,"column":8},"end":{"line":39,"column":16}},{"start":{"line":40,"column":8},"end":{"line":42,"column":16}},{"start":{"line":43,"column":8},"end":{"line":44,"column":97}}],"line":30},"8":{"loc":{"start":{"line":63,"column":43},"end":{"line":63,"column":63}},"type":"default-arg","locations":[{"start":{"line":63,"column":52},"end":{"line":63,"column":63}}],"line":63},"9":{"loc":{"start":{"line":63,"column":68},"end":{"line":63,"column":82}},"type":"binary-expr","locations":[{"start":{"line":63,"column":68},"end":{"line":63,"column":76}},{"start":{"line":63,"column":80},"end":{"line":63,"column":82}}],"line":63},"10":{"loc":{"start":{"line":67,"column":31},"end":{"line":67,"column":106}},"type":"binary-expr","locations":[{"start":{"line":67,"column":31},"end":{"line":67,"column":42}},{"start":{"line":67,"column":46},"end":{"line":67,"column":72}},{"start":{"line":67,"column":76},"end":{"line":67,"column":81}},{"start":{"line":67,"column":85},"end":{"line":67,"column":106}}],"line":67},"11":{"loc":{"start":{"line":68,"column":50},"end":{"line":68,"column":64}},"type":"binary-expr","locations":[{"start":{"line":68,"column":50},"end":{"line":68,"column":55}},{"start":{"line":68,"column":59},"end":{"line":68,"column":64}}],"line":68},"12":{"loc":{"start":{"line":74,"column":16},"end":{"line":74,"column":37}},"type":"binary-expr","locations":[{"start":{"line":74,"column":16},"end":{"line":74,"column":22}},{"start":{"line":74,"column":26},"end":{"line":74,"column":37}}],"line":74},"13":{"loc":{"start":{"line":75,"column":18},"end":{"line":75,"column":70}},"type":"binary-expr","locations":[{"start":{"line":75,"column":18},"end":{"line":75,"column":42}},{"start":{"line":75,"column":46},"end":{"line":75,"column":70}}],"line":75},"14":{"loc":{"start":{"line":77,"column":17},"end":{"line":77,"column":31}},"type":"binary-expr","locations":[{"start":{"line":77,"column":17},"end":{"line":77,"column":22}},{"start":{"line":77,"column":26},"end":{"line":77,"column":31}}],"line":77},"15":{"loc":{"start":{"line":78,"column":23},"end":{"line":78,"column":43}},"type":"binary-expr","locations":[{"start":{"line":78,"column":23},"end":{"line":78,"column":34}},{"start":{"line":78,"column":38},"end":{"line":78,"column":43}}],"line":78}},"s":{"0":8,"1":12,"2":12,"3":12,"4":12,"5":12,"6":1,"7":11,"8":0,"9":0,"10":11,"11":11,"12":11,"13":11,"14":11,"15":6,"16":6,"17":2,"18":2,"19":1,"20":1,"21":1,"22":1,"23":1,"24":11,"25":9,"26":9,"27":9,"28":2,"29":2,"30":2,"31":2,"32":2,"33":8},"f":{"0":12},"b":{"0":[3],"1":[1,11],"2":[12,3,2],"3":[0,11],"4":[11,2],"5":[11,3],"6":[11,4],"7":[6,2,1,1,1],"8":[0],"9":[2,0],"10":[2,2,1,0],"11":[2,1],"12":[2,0],"13":[2,1],"14":[2,1],"15":[2,2]},"_coverageSchema":"1a1c01bbd47fc00a2c39e90264f33305004495a9","hash":"d605080317eff63d0868cef6386919e01b7f6d65"}
,"C:\\Users\\mgheb\\OneDrive\\Dokumen\\Hacktiv8\\Phase 2\\Week3\\IP-HCK90\\server\\controllers\\FavoriteController.js": {"path":"C:\\Users\\mgheb\\OneDrive\\Dokumen\\Hacktiv8\\Phase 2\\Week3\\IP-HCK90\\server\\controllers\\FavoriteController.js","statementMap":{"0":{"start":{"line":1,"column":27},"end":{"line":1,"column":47}},"1":{"start":{"line":5,"column":4},"end":{"line":23,"column":5}},"2":{"start":{"line":6,"column":21},"end":{"line":6,"column":32}},"3":{"start":{"line":8,"column":24},"end":{"line":17,"column":8}},"4":{"start":{"line":19,"column":6},"end":{"line":19,"column":45}},"5":{"start":{"line":21,"column":6},"end":{"line":21,"column":51}},"6":{"start":{"line":22,"column":6},"end":{"line":22,"column":72}},"7":{"start":{"line":27,"column":4},"end":{"line":92,"column":5}},"8":{"start":{"line":28,"column":21},"end":{"line":28,"column":32}},"9":{"start":{"line":42,"column":10},"end":{"line":42,"column":18}},"10":{"start":{"line":44,"column":6},"end":{"line":48,"column":7}},"11":{"start":{"line":45,"column":8},"end":{"line":47,"column":66}},"12":{"start":{"line":51,"column":23},"end":{"line":56,"column":8}},"13":{"start":{"line":58,"column":6},"end":{"line":62,"column":7}},"14":{"start":{"line":59,"column":8},"end":{"line":61,"column":61}},"15":{"start":{"line":64,"column":23},"end":{"line":78,"column":8}},"16":{"start":{"line":80,"column":6},"end":{"line":83,"column":9}},"17":{"start":{"line":85,"column":6},"end":{"line":85,"column":50}},"18":{"start":{"line":87,"column":6},"end":{"line":89,"column":7}},"19":{"start":{"line":88,"column":8},"end":{"line":88,"column":72}},"20":{"start":{"line":91,"column":6},"end":{"line":91,"column":72}},"21":{"start":{"line":96,"column":4},"end":{"line":119,"column":5}},"22":{"start":{"line":97,"column":21},"end":{"line":97,"column":32}},"23":{"start":{"line":98,"column":21},"end":{"line":98,"column":31}},"24":{"start":{"line":100,"column":23},"end":{"line":105,"column":8}},"25":{"start":{"line":107,"column":6},"end":{"line":109,"column":7}},"26":{"start":{"line":108,"column":8},"end":{"line":108,"column":71}},"27":{"start":{"line":111,"column":6},"end":{"line":111,"column":31}},"28":{"start":{"line":113,"column":6},"end":{"line":115,"column":9}},"29":{"start":{"line":117,"column":6},"end":{"line":117,"column":53}},"30":{"start":{"line":118,"column":6},"end":{"line":118,"column":72}},"31":{"start":{"line":123,"column":0},"end":{"line":123,"column":36}}},"fnMap":{"0":{"name":"(anonymous_0)","decl":{"start":{"line":4,"column":2},"end":{"line":4,"column":3}},"loc":{"start":{"line":4,"column":38},"end":{"line":24,"column":3}},"line":4},"1":{"name":"(anonymous_1)","decl":{"start":{"line":26,"column":2},"end":{"line":26,"column":3}},"loc":{"start":{"line":26,"column":37},"end":{"line":93,"column":3}},"line":26},"2":{"name":"(anonymous_2)","decl":{"start":{"line":95,"column":2},"end":{"line":95,"column":3}},"loc":{"start":{"line":95,"column":40},"end":{"line":120,"column":3}},"line":95}},"branchMap":{"0":{"loc":{"start":{"line":44,"column":6},"end":{"line":48,"column":7}},"type":"if","locations":[{"start":{"line":44,"column":6},"end":{"line":48,"column":7}},{"start":{},"end":{}}],"line":44},"1":{"loc":{"start":{"line":44,"column":10},"end":{"line":44,"column":31}},"type":"binary-expr","locations":[{"start":{"line":44,"column":10},"end":{"line":44,"column":21}},{"start":{"line":44,"column":25},"end":{"line":44,"column":31}}],"line":44},"2":{"loc":{"start":{"line":58,"column":6},"end":{"line":62,"column":7}},"type":"if","locations":[{"start":{"line":58,"column":6},"end":{"line":62,"column":7}},{"start":{},"end":{}}],"line":58},"3":{"loc":{"start":{"line":87,"column":6},"end":{"line":89,"column":7}},"type":"if","locations":[{"start":{"line":87,"column":6},"end":{"line":89,"column":7}},{"start":{},"end":{}}],"line":87},"4":{"loc":{"start":{"line":107,"column":6},"end":{"line":109,"column":7}},"type":"if","locations":[{"start":{"line":107,"column":6},"end":{"line":109,"column":7}},{"start":{},"end":{}}],"line":107}},"s":{"0":8,"1":3,"2":3,"3":3,"4":2,"5":1,"6":1,"7":5,"8":5,"9":5,"10":5,"11":2,"12":3,"13":3,"14":1,"15":2,"16":1,"17":1,"18":1,"19":0,"20":1,"21":4,"22":4,"23":4,"24":4,"25":4,"26":3,"27":1,"28":1,"29":0,"30":0,"31":8},"f":{"0":3,"1":5,"2":4},"b":{"0":[2,3],"1":[5,4],"2":[1,2],"3":[0,1],"4":[3,1]},"_coverageSchema":"1a1c01bbd47fc00a2c39e90264f33305004495a9","hash":"7b76db26df43f7522336c118406ce5c9f0b00659"}
,"C:\\Users\\mgheb\\OneDrive\\Dokumen\\Hacktiv8\\Phase 2\\Week3\\IP-HCK90\\server\\controllers\\NewsController.js": {"path":"C:\\Users\\mgheb\\OneDrive\\Dokumen\\Hacktiv8\\Phase 2\\Week3\\IP-HCK90\\server\\controllers\\NewsController.js","statementMap":{"0":{"start":{"line":1,"column":14},"end":{"line":1,"column":30}},"1":{"start":{"line":4,"column":21},"end":{"line":95,"column":1}},"2":{"start":{"line":99,"column":4},"end":{"line":164,"column":5}},"3":{"start":{"line":100,"column":89},"end":{"line":100,"column":98}},"4":{"start":{"line":102,"column":6},"end":{"line":102,"column":41}},"5":{"start":{"line":103,"column":6},"end":{"line":103,"column":75}},"6":{"start":{"line":104,"column":6},"end":{"line":104,"column":83}},"7":{"start":{"line":107,"column":16},"end":{"line":107,"column":167}},"8":{"start":{"line":109,"column":6},"end":{"line":109,"column":89}},"9":{"start":{"line":111,"column":23},"end":{"line":111,"column":43}},"10":{"start":{"line":113,"column":6},"end":{"line":113,"column":99}},"11":{"start":{"line":115,"column":6},"end":{"line":118,"column":9}},"12":{"start":{"line":120,"column":6},"end":{"line":120,"column":76}},"13":{"start":{"line":123,"column":6},"end":{"line":157,"column":7}},"14":{"start":{"line":127,"column":8},"end":{"line":127,"column":62}},"15":{"start":{"line":130,"column":21},"end":{"line":130,"column":50}},"16":{"start":{"line":131,"column":29},"end":{"line":131,"column":73}},"17":{"start":{"line":134,"column":28},"end":{"line":134,"column":30}},"18":{"start":{"line":135,"column":8},"end":{"line":145,"column":9}},"19":{"start":{"line":135,"column":21},"end":{"line":135,"column":22}},"20":{"start":{"line":136,"column":10},"end":{"line":144,"column":13}},"21":{"start":{"line":137,"column":12},"end":{"line":143,"column":15}},"22":{"start":{"line":148,"column":27},"end":{"line":148,"column":52}},"23":{"start":{"line":149,"column":25},"end":{"line":149,"column":50}},"24":{"start":{"line":150,"column":34},"end":{"line":150,"column":73}},"25":{"start":{"line":152,"column":8},"end":{"line":156,"column":11}},"26":{"start":{"line":160,"column":6},"end":{"line":163,"column":9}},"27":{"start":{"line":168,"column":4},"end":{"line":184,"column":5}},"28":{"start":{"line":169,"column":22},"end":{"line":169,"column":31}},"29":{"start":{"line":171,"column":6},"end":{"line":173,"column":7}},"30":{"start":{"line":172,"column":8},"end":{"line":172,"column":78}},"31":{"start":{"line":177,"column":6},"end":{"line":180,"column":9}},"32":{"start":{"line":182,"column":6},"end":{"line":182,"column":52}},"33":{"start":{"line":183,"column":6},"end":{"line":183,"column":72}},"34":{"start":{"line":188,"column":0},"end":{"line":188,"column":32}}},"fnMap":{"0":{"name":"(anonymous_0)","decl":{"start":{"line":98,"column":2},"end":{"line":98,"column":3}},"loc":{"start":{"line":98,"column":33},"end":{"line":165,"column":3}},"line":98},"1":{"name":"(anonymous_1)","decl":{"start":{"line":136,"column":31},"end":{"line":136,"column":32}},"loc":{"start":{"line":136,"column":49},"end":{"line":144,"column":11}},"line":136},"2":{"name":"(anonymous_2)","decl":{"start":{"line":167,"column":2},"end":{"line":167,"column":3}},"loc":{"start":{"line":167,"column":37},"end":{"line":185,"column":3}},"line":167}},"branchMap":{"0":{"loc":{"start":{"line":100,"column":14},"end":{"line":100,"column":34}},"type":"default-arg","locations":[{"start":{"line":100,"column":25},"end":{"line":100,"column":34}}],"line":100},"1":{"loc":{"start":{"line":100,"column":36},"end":{"line":100,"column":47}},"type":"default-arg","locations":[{"start":{"line":100,"column":43},"end":{"line":100,"column":47}}],"line":100},"2":{"loc":{"start":{"line":100,"column":49},"end":{"line":100,"column":58}},"type":"default-arg","locations":[{"start":{"line":100,"column":55},"end":{"line":100,"column":58}}],"line":100},"3":{"loc":{"start":{"line":100,"column":60},"end":{"line":100,"column":68}},"type":"default-arg","locations":[{"start":{"line":100,"column":67},"end":{"line":100,"column":68}}],"line":100},"4":{"loc":{"start":{"line":100,"column":70},"end":{"line":100,"column":84}},"type":"default-arg","locations":[{"start":{"line":100,"column":80},"end":{"line":100,"column":84}}],"line":100},"5":{"loc":{"start":{"line":104,"column":30},"end":{"line":104,"column":81}},"type":"cond-expr","locations":[{"start":{"line":104,"column":57},"end":{"line":104,"column":67}},{"start":{"line":104,"column":70},"end":{"line":104,"column":81}}],"line":104},"6":{"loc":{"start":{"line":113,"column":50},"end":{"line":113,"column":85}},"type":"binary-expr","locations":[{"start":{"line":113,"column":50},"end":{"line":113,"column":80}},{"start":{"line":113,"column":84},"end":{"line":113,"column":85}}],"line":113},"7":{"loc":{"start":{"line":116,"column":23},"end":{"line":116,"column":55}},"type":"binary-expr","locations":[{"start":{"line":116,"column":23},"end":{"line":116,"column":50}},{"start":{"line":116,"column":54},"end":{"line":116,"column":55}}],"line":116},"8":{"loc":{"start":{"line":117,"column":18},"end":{"line":117,"column":46}},"type":"binary-expr","locations":[{"start":{"line":117,"column":18},"end":{"line":117,"column":40}},{"start":{"line":117,"column":44},"end":{"line":117,"column":46}}],"line":117},"9":{"loc":{"start":{"line":120,"column":41},"end":{"line":120,"column":74}},"type":"binary-expr","locations":[{"start":{"line":120,"column":41},"end":{"line":120,"column":59}},{"start":{"line":120,"column":63},"end":{"line":120,"column":74}}],"line":120},"10":{"loc":{"start":{"line":123,"column":6},"end":{"line":157,"column":7}},"type":"if","locations":[{"start":{"line":123,"column":6},"end":{"line":157,"column":7}},{"start":{},"end":{}}],"line":123},"11":{"loc":{"start":{"line":123,"column":10},"end":{"line":126,"column":37}},"type":"binary-expr","locations":[{"start":{"line":123,"column":10},"end":{"line":123,"column":38}},{"start":{"line":124,"column":10},"end":{"line":124,"column":68}},{"start":{"line":125,"column":10},"end":{"line":125,"column":38}},{"start":{"line":126,"column":10},"end":{"line":126,"column":37}}],"line":123},"12":{"loc":{"start":{"line":130,"column":21},"end":{"line":130,"column":50}},"type":"binary-expr","locations":[{"start":{"line":130,"column":21},"end":{"line":130,"column":45}},{"start":{"line":130,"column":49},"end":{"line":130,"column":50}}],"line":130},"13":{"loc":{"start":{"line":131,"column":38},"end":{"line":131,"column":67}},"type":"binary-expr","locations":[{"start":{"line":131,"column":38},"end":{"line":131,"column":61}},{"start":{"line":131,"column":65},"end":{"line":131,"column":67}}],"line":131},"14":{"loc":{"start":{"line":162,"column":15},"end":{"line":162,"column":92}},"type":"binary-expr","locations":[{"start":{"line":162,"column":15},"end":{"line":162,"column":46}},{"start":{"line":162,"column":50},"end":{"line":162,"column":77}},{"start":{"line":162,"column":81},"end":{"line":162,"column":92}}],"line":162},"15":{"loc":{"start":{"line":171,"column":6},"end":{"line":173,"column":7}},"type":"if","locations":[{"start":{"line":171,"column":6},"end":{"line":173,"column":7}},{"start":{},"end":{}}],"line":171}},"s":{"0":8,"1":8,"2":20,"3":20,"4":20,"5":20,"6":20,"7":20,"8":20,"9":20,"10":9,"11":9,"12":11,"13":11,"14":6,"15":6,"16":6,"17":6,"18":6,"19":6,"20":60,"21":600,"22":6,"23":6,"24":6,"25":6,"26":5,"27":6,"28":6,"29":6,"30":4,"31":2,"32":0,"33":0,"34":8},"f":{"0":20,"1":600,"2":6},"b":{"0":[18],"1":[8],"2":[7],"3":[13],"4":[19],"5":[20,0],"6":[9,2],"7":[9,1],"8":[9,0],"9":[11,3],"10":[6,5],"11":[11,9,8,6],"12":[6,0],"13":[6,0],"14":[5,3,3],"15":[4,2]},"_coverageSchema":"1a1c01bbd47fc00a2c39e90264f33305004495a9","hash":"0d95fa0115d345e2c0dbb5719fe4b9b236c44ade"}
,"C:\\Users\\mgheb\\OneDrive\\Dokumen\\Hacktiv8\\Phase 2\\Week3\\IP-HCK90\\server\\controllers\\UserController.js": {"path":"C:\\Users\\mgheb\\OneDrive\\Dokumen\\Hacktiv8\\Phase 2\\Week3\\IP-HCK90\\server\\controllers\\UserController.js","statementMap":{"0":{"start":{"line":1,"column":17},"end":{"line":1,"column":37}},"1":{"start":{"line":2,"column":28},"end":{"line":2,"column":56}},"2":{"start":{"line":3,"column":22},"end":{"line":3,"column":47}},"3":{"start":{"line":4,"column":25},"end":{"line":4,"column":55}},"4":{"start":{"line":5,"column":19},"end":{"line":5,"column":43}},"5":{"start":{"line":6,"column":16},"end":{"line":6,"column":44}},"6":{"start":{"line":9,"column":28},"end":{"line":21,"column":1}},"7":{"start":{"line":10,"column":2},"end":{"line":10,"column":44}},"8":{"start":{"line":11,"column":2},"end":{"line":11,"column":67}},"9":{"start":{"line":12,"column":2},"end":{"line":12,"column":73}},"10":{"start":{"line":14,"column":2},"end":{"line":18,"column":5}},"11":{"start":{"line":20,"column":2},"end":{"line":20,"column":68}},"12":{"start":{"line":24,"column":0},"end":{"line":24,"column":22}},"13":{"start":{"line":26,"column":15},"end":{"line":26,"column":61}},"14":{"start":{"line":30,"column":4},"end":{"line":68,"column":5}},"15":{"start":{"line":31,"column":45},"end":{"line":31,"column":53}},"16":{"start":{"line":33,"column":6},"end":{"line":37,"column":7}},"17":{"start":{"line":34,"column":8},"end":{"line":36,"column":72}},"18":{"start":{"line":39,"column":23},"end":{"line":39,"column":63}},"19":{"start":{"line":40,"column":6},"end":{"line":42,"column":7}},"20":{"start":{"line":41,"column":8},"end":{"line":41,"column":74}},"21":{"start":{"line":44,"column":19},"end":{"line":49,"column":8}},"22":{"start":{"line":51,"column":6},"end":{"line":59,"column":9}},"23":{"start":{"line":61,"column":6},"end":{"line":61,"column":46}},"24":{"start":{"line":63,"column":6},"end":{"line":65,"column":7}},"25":{"start":{"line":64,"column":8},"end":{"line":64,"column":72}},"26":{"start":{"line":67,"column":6},"end":{"line":67,"column":60}},"27":{"start":{"line":72,"column":4},"end":{"line":108,"column":5}},"28":{"start":{"line":73,"column":6},"end":{"line":73,"column":43}},"29":{"start":{"line":74,"column":6},"end":{"line":77,"column":9}},"30":{"start":{"line":79,"column":34},"end":{"line":79,"column":42}},"31":{"start":{"line":81,"column":6},"end":{"line":86,"column":7}},"32":{"start":{"line":82,"column":8},"end":{"line":82,"column":51}},"33":{"start":{"line":83,"column":8},"end":{"line":85,"column":61}},"34":{"start":{"line":88,"column":19},"end":{"line":88,"column":59}},"35":{"start":{"line":90,"column":6},"end":{"line":93,"column":7}},"36":{"start":{"line":91,"column":8},"end":{"line":91,"column":48}},"37":{"start":{"line":92,"column":8},"end":{"line":92,"column":78}},"38":{"start":{"line":95,"column":30},"end":{"line":95,"column":76}},"39":{"start":{"line":96,"column":6},"end":{"line":99,"column":7}},"40":{"start":{"line":97,"column":8},"end":{"line":97,"column":54}},"41":{"start":{"line":98,"column":8},"end":{"line":98,"column":78}},"42":{"start":{"line":101,"column":27},"end":{"line":101,"column":53}},"43":{"start":{"line":102,"column":6},"end":{"line":102,"column":52}},"44":{"start":{"line":104,"column":6},"end":{"line":104,"column":52}},"45":{"start":{"line":106,"column":6},"end":{"line":106,"column":43}},"46":{"start":{"line":107,"column":6},"end":{"line":107,"column":72}},"47":{"start":{"line":112,"column":4},"end":{"line":160,"column":5}},"48":{"start":{"line":113,"column":24},"end":{"line":113,"column":32}},"49":{"start":{"line":115,"column":6},"end":{"line":117,"column":7}},"50":{"start":{"line":116,"column":8},"end":{"line":116,"column":77}},"51":{"start":{"line":119,"column":21},"end":{"line":122,"column":8}},"52":{"start":{"line":124,"column":22},"end":{"line":124,"column":41}},"53":{"start":{"line":125,"column":39},"end":{"line":125,"column":46}},"54":{"start":{"line":127,"column":17},"end":{"line":127,"column":57}},"55":{"start":{"line":129,"column":6},"end":{"line":141,"column":7}},"56":{"start":{"line":132,"column":10},"end":{"line":133,"column":46}},"57":{"start":{"line":135,"column":8},"end":{"line":140,"column":11}},"58":{"start":{"line":143,"column":27},"end":{"line":143,"column":53}},"59":{"start":{"line":145,"column":6},"end":{"line":153,"column":9}},"60":{"start":{"line":155,"column":6},"end":{"line":155,"column":50}},"61":{"start":{"line":156,"column":6},"end":{"line":159,"column":9}},"62":{"start":{"line":164,"column":4},"end":{"line":235,"column":5}},"63":{"start":{"line":165,"column":6},"end":{"line":165,"column":62}},"64":{"start":{"line":166,"column":21},"end":{"line":166,"column":32}},"65":{"start":{"line":167,"column":6},"end":{"line":167,"column":40}},"66":{"start":{"line":169,"column":6},"end":{"line":172,"column":7}},"67":{"start":{"line":170,"column":8},"end":{"line":170,"column":42}},"68":{"start":{"line":171,"column":8},"end":{"line":171,"column":69}},"69":{"start":{"line":174,"column":6},"end":{"line":174,"column":107}},"70":{"start":{"line":179,"column":6},"end":{"line":212,"column":7}},"71":{"start":{"line":180,"column":8},"end":{"line":180,"column":58}},"72":{"start":{"line":181,"column":23},"end":{"line":201,"column":10}},"73":{"start":{"line":183,"column":33},"end":{"line":195,"column":13}},"74":{"start":{"line":189,"column":16},"end":{"line":193,"column":17}},"75":{"start":{"line":190,"column":18},"end":{"line":190,"column":32}},"76":{"start":{"line":192,"column":18},"end":{"line":192,"column":34}},"77":{"start":{"line":196,"column":12},"end":{"line":196,"column":46}},"78":{"start":{"line":199,"column":12},"end":{"line":199,"column":76}},"79":{"start":{"line":199,"column":29},"end":{"line":199,"column":68}},"80":{"start":{"line":203,"column":8},"end":{"line":203,"column":37}},"81":{"start":{"line":204,"column":8},"end":{"line":204,"column":57}},"82":{"start":{"line":206,"column":8},"end":{"line":206,"column":95}},"83":{"start":{"line":209,"column":28},"end":{"line":209,"column":62}},"84":{"start":{"line":210,"column":8},"end":{"line":210,"column":69}},"85":{"start":{"line":211,"column":8},"end":{"line":211,"column":77}},"86":{"start":{"line":215,"column":19},"end":{"line":215,"column":46}},"87":{"start":{"line":217,"column":6},"end":{"line":219,"column":7}},"88":{"start":{"line":218,"column":8},"end":{"line":218,"column":67}},"89":{"start":{"line":221,"column":6},"end":{"line":221,"column":36}},"90":{"start":{"line":222,"column":6},"end":{"line":222,"column":24}},"91":{"start":{"line":224,"column":6},"end":{"line":224,"column":56}},"92":{"start":{"line":225,"column":6},"end":{"line":228,"column":9}},"93":{"start":{"line":230,"column":6},"end":{"line":230,"column":68}},"94":{"start":{"line":231,"column":6},"end":{"line":234,"column":9}},"95":{"start":{"line":239,"column":4},"end":{"line":254,"column":5}},"96":{"start":{"line":240,"column":21},"end":{"line":240,"column":32}},"97":{"start":{"line":242,"column":19},"end":{"line":244,"column":8}},"98":{"start":{"line":246,"column":6},"end":{"line":248,"column":7}},"99":{"start":{"line":247,"column":8},"end":{"line":247,"column":67}},"100":{"start":{"line":250,"column":6},"end":{"line":250,"column":40}},"101":{"start":{"line":252,"column":6},"end":{"line":252,"column":54}},"102":{"start":{"line":253,"column":6},"end":{"line":253,"column":72}},"103":{"start":{"line":258,"column":0},"end":{"line":258,"column":32}}},"fnMap":{"0":{"name":"(anonymous_0)","decl":{"start":{"line":9,"column":28},"end":{"line":9,"column":29}},"loc":{"start":{"line":9,"column":34},"end":{"line":21,"column":1}},"line":9},"1":{"name":"(anonymous_1)","decl":{"start":{"line":29,"column":2},"end":{"line":29,"column":3}},"loc":{"start":{"line":29,"column":34},"end":{"line":69,"column":3}},"line":29},"2":{"name":"(anonymous_2)","decl":{"start":{"line":71,"column":2},"end":{"line":71,"column":3}},"loc":{"start":{"line":71,"column":31},"end":{"line":109,"column":3}},"line":71},"3":{"name":"(anonymous_3)","decl":{"start":{"line":111,"column":2},"end":{"line":111,"column":3}},"loc":{"start":{"line":111,"column":37},"end":{"line":161,"column":3}},"line":111},"4":{"name":"(anonymous_4)","decl":{"start":{"line":163,"column":2},"end":{"line":163,"column":3}},"loc":{"start":{"line":163,"column":44},"end":{"line":236,"column":3}},"line":163},"5":{"name":"(anonymous_5)","decl":{"start":{"line":182,"column":22},"end":{"line":182,"column":23}},"loc":{"start":{"line":182,"column":43},"end":{"line":197,"column":11}},"line":182},"6":{"name":"(anonymous_6)","decl":{"start":{"line":188,"column":14},"end":{"line":188,"column":15}},"loc":{"start":{"line":188,"column":33},"end":{"line":194,"column":15}},"line":188},"7":{"name":"(anonymous_7)","decl":{"start":{"line":198,"column":22},"end":{"line":198,"column":23}},"loc":{"start":{"line":199,"column":12},"end":{"line":199,"column":76}},"line":199},"8":{"name":"(anonymous_8)","decl":{"start":{"line":199,"column":23},"end":{"line":199,"column":24}},"loc":{"start":{"line":199,"column":29},"end":{"line":199,"column":68}},"line":199},"9":{"name":"(anonymous_9)","decl":{"start":{"line":238,"column":2},"end":{"line":238,"column":3}},"loc":{"start":{"line":238,"column":40},"end":{"line":255,"column":3}},"line":238}},"branchMap":{"0":{"loc":{"start":{"line":12,"column":29},"end":{"line":12,"column":71}},"type":"cond-expr","locations":[{"start":{"line":12,"column":62},"end":{"line":12,"column":65}},{"start":{"line":12,"column":68},"end":{"line":12,"column":71}}],"line":12},"1":{"loc":{"start":{"line":33,"column":6},"end":{"line":37,"column":7}},"type":"if","locations":[{"start":{"line":33,"column":6},"end":{"line":37,"column":7}},{"start":{},"end":{}}],"line":33},"2":{"loc":{"start":{"line":33,"column":10},"end":{"line":33,"column":43}},"type":"binary-expr","locations":[{"start":{"line":33,"column":10},"end":{"line":33,"column":20}},{"start":{"line":33,"column":24},"end":{"line":33,"column":30}},{"start":{"line":33,"column":34},"end":{"line":33,"column":43}}],"line":33},"3":{"loc":{"start":{"line":40,"column":6},"end":{"line":42,"column":7}},"type":"if","locations":[{"start":{"line":40,"column":6},"end":{"line":42,"column":7}},{"start":{},"end":{}}],"line":40},"4":{"loc":{"start":{"line":63,"column":6},"end":{"line":65,"column":7}},"type":"if","locations":[{"start":{"line":63,"column":6},"end":{"line":65,"column":7}},{"start":{},"end":{}}],"line":63},"5":{"loc":{"start":{"line":81,"column":6},"end":{"line":86,"column":7}},"type":"if","locations":[{"start":{"line":81,"column":6},"end":{"line":86,"column":7}},{"start":{},"end":{}}],"line":81},"6":{"loc":{"start":{"line":81,"column":10},"end":{"line":81,"column":29}},"type":"binary-expr","locations":[{"start":{"line":81,"column":10},"end":{"line":81,"column":16}},{"start":{"line":81,"column":20},"end":{"line":81,"column":29}}],"line":81},"7":{"loc":{"start":{"line":90,"column":6},"end":{"line":93,"column":7}},"type":"if","locations":[{"start":{"line":90,"column":6},"end":{"line":93,"column":7}},{"start":{},"end":{}}],"line":90},"8":{"loc":{"start":{"line":96,"column":6},"end":{"line":99,"column":7}},"type":"if","locations":[{"start":{"line":96,"column":6},"end":{"line":99,"column":7}},{"start":{},"end":{}}],"line":96},"9":{"loc":{"start":{"line":115,"column":6},"end":{"line":117,"column":7}},"type":"if","locations":[{"start":{"line":115,"column":6},"end":{"line":117,"column":7}},{"start":{},"end":{}}],"line":115},"10":{"loc":{"start":{"line":129,"column":6},"end":{"line":141,"column":7}},"type":"if","locations":[{"start":{"line":129,"column":6},"end":{"line":141,"column":7}},{"start":{},"end":{}}],"line":129},"11":{"loc":{"start":{"line":139,"column":25},"end":{"line":139,"column":40}},"type":"binary-expr","locations":[{"start":{"line":139,"column":25},"end":{"line":139,"column":32}},{"start":{"line":139,"column":36},"end":{"line":139,"column":40}}],"line":139},"12":{"loc":{"start":{"line":169,"column":6},"end":{"line":172,"column":7}},"type":"if","locations":[{"start":{"line":169,"column":6},"end":{"line":172,"column":7}},{"start":{},"end":{}}],"line":169},"13":{"loc":{"start":{"line":189,"column":16},"end":{"line":193,"column":17}},"type":"if","locations":[{"start":{"line":189,"column":16},"end":{"line":193,"column":17}},{"start":{"line":191,"column":23},"end":{"line":193,"column":17}}],"line":189},"14":{"loc":{"start":{"line":217,"column":6},"end":{"line":219,"column":7}},"type":"if","locations":[{"start":{"line":217,"column":6},"end":{"line":219,"column":7}},{"start":{},"end":{}}],"line":217},"15":{"loc":{"start":{"line":246,"column":6},"end":{"line":248,"column":7}},"type":"if","locations":[{"start":{"line":246,"column":6},"end":{"line":248,"column":7}},{"start":{},"end":{}}],"line":246}},"s":{"0":8,"1":8,"2":8,"3":8,"4":8,"5":8,"6":8,"7":8,"8":8,"9":8,"10":8,"11":8,"12":8,"13":8,"14":8,"15":8,"16":8,"17":3,"18":5,"19":5,"20":1,"21":4,"22":1,"23":3,"24":3,"25":1,"26":2,"27":9,"28":9,"29":9,"30":9,"31":9,"32":2,"33":2,"34":7,"35":6,"36":2,"37":2,"38":4,"39":4,"40":2,"41":2,"42":2,"43":2,"44":2,"45":1,"46":1,"47":8,"48":8,"49":8,"50":2,"51":6,"52":2,"53":2,"54":2,"55":2,"56":1,"57":1,"58":2,"59":2,"60":4,"61":4,"62":9,"63":9,"64":9,"65":9,"66":9,"67":3,"68":3,"69":6,"70":6,"71":6,"72":6,"73":6,"74":2,"75":1,"76":1,"77":2,"78":6,"79":0,"80":1,"81":1,"82":5,"83":5,"84":5,"85":5,"86":6,"87":5,"88":0,"89":5,"90":5,"91":5,"92":5,"93":1,"94":1,"95":5,"96":5,"97":5,"98":4,"99":2,"100":2,"101":1,"102":1,"103":8},"f":{"0":8,"1":8,"2":9,"3":8,"4":9,"5":6,"6":2,"7":6,"8":0,"9":5},"b":{"0":[8,0],"1":[3,5],"2":[8,7,6],"3":[1,4],"4":[1,2],"5":[2,7],"6":[9,8],"7":[2,4],"8":[2,2],"9":[2,6],"10":[1,1],"11":[1,0],"12":[3,6],"13":[1,1],"14":[0,5],"15":[2,2]},"_coverageSchema":"1a1c01bbd47fc00a2c39e90264f33305004495a9","hash":"e1c9d49c4c2daf379840fa066f4e1062fd834dd6"}
,"C:\\Users\\mgheb\\OneDrive\\Dokumen\\Hacktiv8\\Phase 2\\Week3\\IP-HCK90\\server\\helpers\\bcrypt.js": {"path":"C:\\Users\\mgheb\\OneDrive\\Dokumen\\Hacktiv8\\Phase 2\\Week3\\IP-HCK90\\server\\helpers\\bcrypt.js","statementMap":{"0":{"start":{"line":1,"column":15},"end":{"line":1,"column":34}},"1":{"start":{"line":2,"column":21},"end":{"line":5,"column":1}},"2":{"start":{"line":3,"column":17},"end":{"line":3,"column":39}},"3":{"start":{"line":4,"column":4},"end":{"line":4,"column":43}},"4":{"start":{"line":7,"column":24},"end":{"line":9,"column":1}},"5":{"start":{"line":8,"column":4},"end":{"line":8,"column":56}},"6":{"start":{"line":12,"column":0},"end":{"line":15,"column":1}}},"fnMap":{"0":{"name":"(anonymous_0)","decl":{"start":{"line":2,"column":21},"end":{"line":2,"column":22}},"loc":{"start":{"line":2,"column":35},"end":{"line":5,"column":1}},"line":2},"1":{"name":"(anonymous_1)","decl":{"start":{"line":7,"column":24},"end":{"line":7,"column":25}},"loc":{"start":{"line":7,"column":54},"end":{"line":9,"column":1}},"line":7}},"branchMap":{},"s":{"0":11,"1":11,"2":20,"3":20,"4":11,"5":9,"6":11},"f":{"0":20,"1":9},"b":{},"_coverageSchema":"1a1c01bbd47fc00a2c39e90264f33305004495a9","hash":"2d840110671bfdaca8c0522eda61bbfe7169faa3"}
,"C:\\Users\\mgheb\\OneDrive\\Dokumen\\Hacktiv8\\Phase 2\\Week3\\IP-HCK90\\server\\helpers\\jwt.js": {"path":"C:\\Users\\mgheb\\OneDrive\\Dokumen\\Hacktiv8\\Phase 2\\Week3\\IP-HCK90\\server\\helpers\\jwt.js","statementMap":{"0":{"start":{"line":1,"column":12},"end":{"line":1,"column":35}},"1":{"start":{"line":3,"column":18},"end":{"line":3,"column":66}},"2":{"start":{"line":3,"column":28},"end":{"line":3,"column":66}},"3":{"start":{"line":4,"column":20},"end":{"line":4,"column":72}},"4":{"start":{"line":4,"column":31},"end":{"line":4,"column":72}},"5":{"start":{"line":6,"column":0},"end":{"line":9,"column":1}}},"fnMap":{"0":{"name":"(anonymous_0)","decl":{"start":{"line":3,"column":18},"end":{"line":3,"column":19}},"loc":{"start":{"line":3,"column":28},"end":{"line":3,"column":66}},"line":3},"1":{"name":"(anonymous_1)","decl":{"start":{"line":4,"column":20},"end":{"line":4,"column":21}},"loc":{"start":{"line":4,"column":31},"end":{"line":4,"column":72}},"line":4}},"branchMap":{},"s":{"0":10,"1":10,"2":23,"3":10,"4":78,"5":10},"f":{"0":23,"1":78},"b":{},"_coverageSchema":"1a1c01bbd47fc00a2c39e90264f33305004495a9","hash":"ac28f953aefed4f0ef8ee6707e565c88b28bec48"}
,"C:\\Users\\mgheb\\OneDrive\\Dokumen\\Hacktiv8\\Phase 2\\Week3\\IP-HCK90\\server\\helpers\\logger.js": {"path":"C:\\Users\\mgheb\\OneDrive\\Dokumen\\Hacktiv8\\Phase 2\\Week3\\IP-HCK90\\server\\helpers\\logger.js","statementMap":{"0":{"start":{"line":1,"column":11},"end":{"line":1,"column":24}},"1":{"start":{"line":2,"column":13},"end":{"line":2,"column":28}},"2":{"start":{"line":4,"column":16},"end":{"line":4,"column":53}},"3":{"start":{"line":6,"column":12},"end":{"line":11,"column":1}},"4":{"start":{"line":7,"column":20},"end":{"line":7,"column":44}},"5":{"start":{"line":8,"column":15},"end":{"line":8,"column":40}},"6":{"start":{"line":9,"column":2},"end":{"line":9,"column":35}},"7":{"start":{"line":10,"column":2},"end":{"line":10,"column":20}},"8":{"start":{"line":13,"column":0},"end":{"line":13,"column":34}}},"fnMap":{"0":{"name":"(anonymous_0)","decl":{"start":{"line":6,"column":12},"end":{"line":6,"column":13}},"loc":{"start":{"line":6,"column":21},"end":{"line":11,"column":1}},"line":6}},"branchMap":{},"s":{"0":8,"1":8,"2":8,"3":8,"4":2,"5":2,"6":2,"7":2,"8":8},"f":{"0":2},"b":{},"_coverageSchema":"1a1c01bbd47fc00a2c39e90264f33305004495a9","hash":"77a01300e52257d2c7417b66e8a8673aff936683"}
,"C:\\Users\\mgheb\\OneDrive\\Dokumen\\Hacktiv8\\Phase 2\\Week3\\IP-HCK90\\server\\middlewares\\authentication.js": {"path":"C:\\Users\\mgheb\\OneDrive\\Dokumen\\Hacktiv8\\Phase 2\\Week3\\IP-HCK90\\server\\middlewares\\authentication.js","statementMap":{"0":{"start":{"line":1,"column":24},"end":{"line":1,"column":49}},"1":{"start":{"line":3,"column":23},"end":{"line":33,"column":1}},"2":{"start":{"line":4,"column":2},"end":{"line":32,"column":3}},"3":{"start":{"line":5,"column":24},"end":{"line":5,"column":49}},"4":{"start":{"line":7,"column":4},"end":{"line":9,"column":5}},"5":{"start":{"line":8,"column":6},"end":{"line":8,"column":68}},"6":{"start":{"line":11,"column":18},"end":{"line":11,"column":43}},"7":{"start":{"line":13,"column":4},"end":{"line":15,"column":5}},"8":{"start":{"line":14,"column":6},"end":{"line":14,"column":71}},"9":{"start":{"line":17,"column":20},"end":{"line":17,"column":38}},"10":{"start":{"line":18,"column":4},"end":{"line":18,"column":23}},"11":{"start":{"line":19,"column":4},"end":{"line":19,"column":11}},"12":{"start":{"line":21,"column":4},"end":{"line":21,"column":58}},"13":{"start":{"line":23,"column":4},"end":{"line":25,"column":5}},"14":{"start":{"line":24,"column":6},"end":{"line":24,"column":68}},"15":{"start":{"line":27,"column":4},"end":{"line":29,"column":5}},"16":{"start":{"line":28,"column":6},"end":{"line":28,"column":64}},"17":{"start":{"line":31,"column":4},"end":{"line":31,"column":61}},"18":{"start":{"line":35,"column":0},"end":{"line":35,"column":32}}},"fnMap":{"0":{"name":"(anonymous_0)","decl":{"start":{"line":3,"column":23},"end":{"line":3,"column":24}},"loc":{"start":{"line":3,"column":43},"end":{"line":33,"column":1}},"line":3}},"branchMap":{"0":{"loc":{"start":{"line":7,"column":4},"end":{"line":9,"column":5}},"type":"if","locations":[{"start":{"line":7,"column":4},"end":{"line":9,"column":5}},{"start":{},"end":{}}],"line":7},"1":{"loc":{"start":{"line":13,"column":4},"end":{"line":15,"column":5}},"type":"if","locations":[{"start":{"line":13,"column":4},"end":{"line":15,"column":5}},{"start":{},"end":{}}],"line":13},"2":{"loc":{"start":{"line":23,"column":4},"end":{"line":25,"column":5}},"type":"if","locations":[{"start":{"line":23,"column":4},"end":{"line":25,"column":5}},{"start":{},"end":{}}],"line":23},"3":{"loc":{"start":{"line":27,"column":4},"end":{"line":29,"column":5}},"type":"if","locations":[{"start":{"line":27,"column":4},"end":{"line":29,"column":5}},{"start":{},"end":{}}],"line":27}},"s":{"0":9,"1":9,"2":80,"3":80,"4":80,"5":7,"6":73,"7":73,"8":2,"9":71,"10":68,"11":68,"12":3,"13":3,"14":0,"15":3,"16":3,"17":0,"18":9},"f":{"0":80},"b":{"0":[7,73],"1":[2,71],"2":[0,3],"3":[3,0]},"_coverageSchema":"1a1c01bbd47fc00a2c39e90264f33305004495a9","hash":"e3dbf62899a392d0fac1462f74bfb98381aa7027"}
,"C:\\Users\\mgheb\\OneDrive\\Dokumen\\Hacktiv8\\Phase 2\\Week3\\IP-HCK90\\server\\middlewares\\upload.js": {"path":"C:\\Users\\mgheb\\OneDrive\\Dokumen\\Hacktiv8\\Phase 2\\Week3\\IP-HCK90\\server\\middlewares\\upload.js","statementMap":{"0":{"start":{"line":1,"column":15},"end":{"line":1,"column":32}},"1":{"start":{"line":4,"column":16},"end":{"line":4,"column":38}},"2":{"start":{"line":6,"column":15},"end":{"line":18,"column":2}},"3":{"start":{"line":13,"column":4},"end":{"line":15,"column":5}},"4":{"start":{"line":14,"column":6},"end":{"line":14,"column":66}},"5":{"start":{"line":16,"column":4},"end":{"line":16,"column":19}},"6":{"start":{"line":20,"column":0},"end":{"line":20,"column":24}}},"fnMap":{"0":{"name":"(anonymous_0)","decl":{"start":{"line":11,"column":14},"end":{"line":11,"column":15}},"loc":{"start":{"line":11,"column":33},"end":{"line":17,"column":3}},"line":11}},"branchMap":{"0":{"loc":{"start":{"line":13,"column":4},"end":{"line":15,"column":5}},"type":"if","locations":[{"start":{"line":13,"column":4},"end":{"line":15,"column":5}},{"start":{},"end":{}}],"line":13}},"s":{"0":8,"1":8,"2":8,"3":8,"4":1,"5":7,"6":8},"f":{"0":8},"b":{"0":[1,7]},"_coverageSchema":"1a1c01bbd47fc00a2c39e90264f33305004495a9","hash":"8b2af84e02fd585e47ffe965ce33eeb38b821452"}
,"C:\\Users\\mgheb\\OneDrive\\Dokumen\\Hacktiv8\\Phase 2\\Week3\\IP-HCK90\\server\\models\\favorite.js": {"path":"C:\\Users\\mgheb\\OneDrive\\Dokumen\\Hacktiv8\\Phase 2\\Week3\\IP-HCK90\\server\\models\\favorite.js","statementMap":{"0":{"start":{"line":2,"column":18},"end":{"line":2,"column":38}},"1":{"start":{"line":3,"column":0},"end":{"line":50,"column":2}},"2":{"start":{"line":12,"column":6},"end":{"line":12,"column":65}},"3":{"start":{"line":15,"column":2},"end":{"line":48,"column":4}},"4":{"start":{"line":49,"column":2},"end":{"line":49,"column":18}}},"fnMap":{"0":{"name":"(anonymous_0)","decl":{"start":{"line":3,"column":17},"end":{"line":3,"column":18}},"loc":{"start":{"line":3,"column":43},"end":{"line":50,"column":1}},"line":3},"1":{"name":"(anonymous_1)","decl":{"start":{"line":10,"column":4},"end":{"line":10,"column":5}},"loc":{"start":{"line":10,"column":29},"end":{"line":13,"column":5}},"line":10}},"branchMap":{},"s":{"0":11,"1":11,"2":11,"3":11,"4":11},"f":{"0":11,"1":11},"b":{},"_coverageSchema":"1a1c01bbd47fc00a2c39e90264f33305004495a9","hash":"94046be92fd9bc38e2f060d7f953861e47f7f8a0"}
,"C:\\Users\\mgheb\\OneDrive\\Dokumen\\Hacktiv8\\Phase 2\\Week3\\IP-HCK90\\server\\models\\user.js": {"path":"C:\\Users\\mgheb\\OneDrive\\Dokumen\\Hacktiv8\\Phase 2\\Week3\\IP-HCK90\\server\\models\\user.js","statementMap":{"0":{"start":{"line":2,"column":18},"end":{"line":2,"column":38}},"1":{"start":{"line":3,"column":25},"end":{"line":3,"column":53}},"2":{"start":{"line":4,"column":0},"end":{"line":67,"column":2}},"3":{"start":{"line":13,"column":6},"end":{"line":13,"column":63}},"4":{"start":{"line":16,"column":2},"end":{"line":62,"column":4}},"5":{"start":{"line":63,"column":2},"end":{"line":65,"column":5}},"6":{"start":{"line":64,"column":4},"end":{"line":64,"column":48}},"7":{"start":{"line":66,"column":2},"end":{"line":66,"column":14}}},"fnMap":{"0":{"name":"(anonymous_0)","decl":{"start":{"line":4,"column":17},"end":{"line":4,"column":18}},"loc":{"start":{"line":4,"column":43},"end":{"line":67,"column":1}},"line":4},"1":{"name":"(anonymous_1)","decl":{"start":{"line":11,"column":4},"end":{"line":11,"column":5}},"loc":{"start":{"line":11,"column":29},"end":{"line":14,"column":5}},"line":11},"2":{"name":"(anonymous_2)","decl":{"start":{"line":63,"column":20},"end":{"line":63,"column":21}},"loc":{"start":{"line":63,"column":30},"end":{"line":65,"column":3}},"line":63}},"branchMap":{},"s":{"0":11,"1":11,"2":11,"3":11,"4":11,"5":11,"6":14,"7":11},"f":{"0":11,"1":11,"2":14},"b":{},"_coverageSchema":"1a1c01bbd47fc00a2c39e90264f33305004495a9","hash":"8d5f737b14ce6ce5de56719ed484bb7ed3486fe3"}
,"C:\\Users\\mgheb\\OneDrive\\Dokumen\\Hacktiv8\\Phase 2\\Week3\\IP-HCK90\\server\\routes\\aiRoutes.js": {"path":"C:\\Users\\mgheb\\OneDrive\\Dokumen\\Hacktiv8\\Phase 2\\Week3\\IP-HCK90\\server\\routes\\aiRoutes.js","statementMap":{"0":{"start":{"line":1,"column":16},"end":{"line":1,"column":34}},"1":{"start":{"line":2,"column":15},"end":{"line":2,"column":31}},"2":{"start":{"line":3,"column":21},"end":{"line":3,"column":59}},"3":{"start":{"line":4,"column":23},"end":{"line":4,"column":63}},"4":{"start":{"line":7,"column":0},"end":{"line":7,"column":27}},"5":{"start":{"line":9,"column":0},"end":{"line":9,"column":50}},"6":{"start":{"line":11,"column":0},"end":{"line":11,"column":24}}},"fnMap":{},"branchMap":{},"s":{"0":8,"1":8,"2":8,"3":8,"4":8,"5":8,"6":8},"f":{},"b":{},"_coverageSchema":"1a1c01bbd47fc00a2c39e90264f33305004495a9","hash":"6e11a32328f1aefa3bd35290371797cea46a4c41"}
,"C:\\Users\\mgheb\\OneDrive\\Dokumen\\Hacktiv8\\Phase 2\\Week3\\IP-HCK90\\server\\routes\\favoriteRoutes.js": {"path":"C:\\Users\\mgheb\\OneDrive\\Dokumen\\Hacktiv8\\Phase 2\\Week3\\IP-HCK90\\server\\routes\\favoriteRoutes.js","statementMap":{"0":{"start":{"line":1,"column":16},"end":{"line":1,"column":34}},"1":{"start":{"line":2,"column":15},"end":{"line":2,"column":31}},"2":{"start":{"line":3,"column":27},"end":{"line":3,"column":71}},"3":{"start":{"line":4,"column":23},"end":{"line":4,"column":63}},"4":{"start":{"line":7,"column":0},"end":{"line":7,"column":27}},"5":{"start":{"line":9,"column":0},"end":{"line":9,"column":49}},"6":{"start":{"line":10,"column":0},"end":{"line":10,"column":49}},"7":{"start":{"line":11,"column":0},"end":{"line":11,"column":57}},"8":{"start":{"line":13,"column":0},"end":{"line":13,"column":24}}},"fnMap":{},"branchMap":{},"s":{"0":8,"1":8,"2":8,"3":8,"4":8,"5":8,"6":8,"7":8,"8":8},"f":{},"b":{},"_coverageSchema":"1a1c01bbd47fc00a2c39e90264f33305004495a9","hash":"65a281fc483b71944351249940874896aa76fa13"}
,"C:\\Users\\mgheb\\OneDrive\\Dokumen\\Hacktiv8\\Phase 2\\Week3\\IP-HCK90\\server\\routes\\newsRoutes.js": {"path":"C:\\Users\\mgheb\\OneDrive\\Dokumen\\Hacktiv8\\Phase 2\\Week3\\IP-HCK90\\server\\routes\\newsRoutes.js","statementMap":{"0":{"start":{"line":1,"column":16},"end":{"line":1,"column":34}},"1":{"start":{"line":2,"column":15},"end":{"line":2,"column":31}},"2":{"start":{"line":3,"column":23},"end":{"line":3,"column":63}},"3":{"start":{"line":4,"column":23},"end":{"line":4,"column":63}},"4":{"start":{"line":7,"column":0},"end":{"line":7,"column":44}},"5":{"start":{"line":8,"column":0},"end":{"line":8,"column":55}},"6":{"start":{"line":10,"column":0},"end":{"line":10,"column":24}}},"fnMap":{},"branchMap":{},"s":{"0":8,"1":8,"2":8,"3":8,"4":8,"5":8,"6":8},"f":{},"b":{},"_coverageSchema":"1a1c01bbd47fc00a2c39e90264f33305004495a9","hash":"22e9c6ab8b6bd1227255419a535fbd9f7b8cd414"}
,"C:\\Users\\mgheb\\OneDrive\\Dokumen\\Hacktiv8\\Phase 2\\Week3\\IP-HCK90\\server\\routes\\userRoutes.js": {"path":"C:\\Users\\mgheb\\OneDrive\\Dokumen\\Hacktiv8\\Phase 2\\Week3\\IP-HCK90\\server\\routes\\userRoutes.js","statementMap":{"0":{"start":{"line":1,"column":16},"end":{"line":1,"column":34}},"1":{"start":{"line":2,"column":15},"end":{"line":2,"column":31}},"2":{"start":{"line":3,"column":23},"end":{"line":3,"column":63}},"3":{"start":{"line":4,"column":23},"end":{"line":4,"column":63}},"4":{"start":{"line":5,"column":15},"end":{"line":5,"column":47}},"5":{"start":{"line":8,"column":0},"end":{"line":8,"column":50}},"6":{"start":{"line":9,"column":0},"end":{"line":9,"column":44}},"7":{"start":{"line":10,"column":0},"end":{"line":10,"column":57}},"8":{"start":{"line":13,"column":0},"end":{"line":13,"column":27}},"9":{"start":{"line":14,"column":0},"end":{"line":14,"column":54}},"10":{"start":{"line":15,"column":0},"end":{"line":19,"column":2}},"11":{"start":{"line":21,"column":0},"end":{"line":21,"column":24}}},"fnMap":{},"branchMap":{},"s":{"0":8,"1":8,"2":8,"3":8,"4":8,"5":8,"6":8,"7":8,"8":8,"9":8,"10":8,"11":8},"f":{},"b":{},"_coverageSchema":"1a1c01bbd47fc00a2c39e90264f33305004495a9","hash":"0672dd44a7444740ec1e99cef593f9a5dca2b6d0"}
}
