TN:
SF:controllers\AIController.js
FN:4,(anonymous_0)
FNF:1
FNH:1
FNDA:12,(anonymous_0)
DA:1,8
DA:5,12
DA:6,12
DA:7,12
DA:9,12
DA:11,12
DA:12,1
DA:17,11
DA:18,0
DA:19,0
DA:22,11
DA:23,11
DA:25,11
DA:26,11
DA:30,11
DA:32,6
DA:33,6
DA:35,2
DA:36,2
DA:38,1
DA:39,1
DA:41,1
DA:42,1
DA:44,1
DA:47,11
DA:48,9
DA:49,9
DA:51,9
DA:60,2
DA:61,2
DA:63,2
DA:66,2
DA:73,2
DA:86,8
LF:34
LH:32
BRDA:9,0,0,3
BRDA:11,1,0,1
BRDA:11,1,1,11
BRDA:11,2,0,12
BRDA:11,2,1,3
BRDA:11,2,2,2
BRDA:17,3,0,0
BRDA:17,3,1,11
BRDA:26,4,0,11
BRDA:26,4,1,2
BRDA:27,5,0,11
BRDA:27,5,1,3
BRDA:28,6,0,11
BRDA:28,6,1,4
BRDA:30,7,0,6
BRDA:30,7,1,2
BRDA:30,7,2,1
BRDA:30,7,3,1
BRDA:30,7,4,1
BRDA:63,8,0,0
BRDA:63,9,0,2
BRDA:63,9,1,0
BRDA:67,10,0,2
BRDA:67,10,1,2
BRDA:67,10,2,1
BRDA:67,10,3,0
BRDA:68,11,0,2
BRDA:68,11,1,1
BRDA:74,12,0,2
BRDA:74,12,1,0
BRDA:75,13,0,2
BRDA:75,13,1,1
BRDA:77,14,0,2
BRDA:77,14,1,1
BRDA:78,15,0,2
BRDA:78,15,1,2
BRF:36
BRH:31
end_of_record
TN:
SF:controllers\FavoriteController.js
FN:4,(anonymous_0)
FN:26,(anonymous_1)
FN:95,(anonymous_2)
FNF:3
FNH:3
FNDA:3,(anonymous_0)
FNDA:5,(anonymous_1)
FNDA:4,(anonymous_2)
DA:1,8
DA:5,3
DA:6,3
DA:8,3
DA:19,2
DA:21,1
DA:22,1
DA:27,5
DA:28,5
DA:42,5
DA:44,5
DA:45,2
DA:51,3
DA:58,3
DA:59,1
DA:64,2
DA:80,1
DA:85,1
DA:87,1
DA:88,0
DA:91,1
DA:96,4
DA:97,4
DA:98,4
DA:100,4
DA:107,4
DA:108,3
DA:111,1
DA:113,1
DA:117,0
DA:118,0
DA:123,8
LF:32
LH:29
BRDA:44,0,0,2
BRDA:44,0,1,3
BRDA:44,1,0,5
BRDA:44,1,1,4
BRDA:58,2,0,1
BRDA:58,2,1,2
BRDA:87,3,0,0
BRDA:87,3,1,1
BRDA:107,4,0,3
BRDA:107,4,1,1
BRF:10
BRH:9
end_of_record
TN:
SF:controllers\NewsController.js
FN:98,(anonymous_0)
FN:136,(anonymous_1)
FN:167,(anonymous_2)
FNF:3
FNH:3
FNDA:20,(anonymous_0)
FNDA:600,(anonymous_1)
FNDA:6,(anonymous_2)
DA:1,8
DA:4,8
DA:99,20
DA:100,20
DA:102,20
DA:103,20
DA:104,20
DA:107,20
DA:109,20
DA:111,20
DA:113,9
DA:115,9
DA:120,11
DA:123,11
DA:127,6
DA:130,6
DA:131,6
DA:134,6
DA:135,6
DA:136,60
DA:137,600
DA:148,6
DA:149,6
DA:150,6
DA:152,6
DA:160,5
DA:168,6
DA:169,6
DA:171,6
DA:172,4
DA:177,2
DA:182,0
DA:183,0
DA:188,8
LF:34
LH:32
BRDA:100,0,0,18
BRDA:100,1,0,8
BRDA:100,2,0,7
BRDA:100,3,0,13
BRDA:100,4,0,19
BRDA:104,5,0,20
BRDA:104,5,1,0
BRDA:113,6,0,9
BRDA:113,6,1,2
BRDA:116,7,0,9
BRDA:116,7,1,1
BRDA:117,8,0,9
BRDA:117,8,1,0
BRDA:120,9,0,11
BRDA:120,9,1,3
BRDA:123,10,0,6
BRDA:123,10,1,5
BRDA:123,11,0,11
BRDA:123,11,1,9
BRDA:123,11,2,8
BRDA:123,11,3,6
BRDA:130,12,0,6
BRDA:130,12,1,0
BRDA:131,13,0,6
BRDA:131,13,1,0
BRDA:162,14,0,5
BRDA:162,14,1,3
BRDA:162,14,2,3
BRDA:171,15,0,4
BRDA:171,15,1,2
BRF:30
BRH:26
end_of_record
TN:
SF:controllers\UserController.js
FN:9,(anonymous_0)
FN:29,(anonymous_1)
FN:71,(anonymous_2)
FN:111,(anonymous_3)
FN:163,(anonymous_4)
FN:182,(anonymous_5)
FN:188,(anonymous_6)
FN:198,(anonymous_7)
FN:199,(anonymous_8)
FN:238,(anonymous_9)
FNF:10
FNH:9
FNDA:8,(anonymous_0)
FNDA:8,(anonymous_1)
FNDA:9,(anonymous_2)
FNDA:8,(anonymous_3)
FNDA:9,(anonymous_4)
FNDA:6,(anonymous_5)
FNDA:2,(anonymous_6)
FNDA:6,(anonymous_7)
FNDA:0,(anonymous_8)
FNDA:5,(anonymous_9)
DA:1,8
DA:2,8
DA:3,8
DA:4,8
DA:5,8
DA:6,8
DA:9,8
DA:10,8
DA:11,8
DA:12,8
DA:14,8
DA:20,8
DA:24,8
DA:26,8
DA:30,8
DA:31,8
DA:33,8
DA:34,3
DA:39,5
DA:40,5
DA:41,1
DA:44,4
DA:51,1
DA:61,3
DA:63,3
DA:64,1
DA:67,2
DA:72,9
DA:73,9
DA:74,9
DA:79,9
DA:81,9
DA:82,2
DA:83,2
DA:88,7
DA:90,6
DA:91,2
DA:92,2
DA:95,4
DA:96,4
DA:97,2
DA:98,2
DA:101,2
DA:102,2
DA:104,2
DA:106,1
DA:107,1
DA:112,8
DA:113,8
DA:115,8
DA:116,2
DA:119,6
DA:124,2
DA:125,2
DA:127,2
DA:129,2
DA:132,1
DA:135,1
DA:143,2
DA:145,2
DA:155,4
DA:156,4
DA:164,9
DA:165,9
DA:166,9
DA:167,9
DA:169,9
DA:170,3
DA:171,3
DA:174,6
DA:179,6
DA:180,6
DA:181,6
DA:183,6
DA:189,2
DA:190,1
DA:192,1
DA:196,2
DA:199,6
DA:203,1
DA:204,1
DA:206,5
DA:209,5
DA:210,5
DA:211,5
DA:215,6
DA:217,5
DA:218,0
DA:221,5
DA:222,5
DA:224,5
DA:225,5
DA:230,1
DA:231,1
DA:239,5
DA:240,5
DA:242,5
DA:246,4
DA:247,2
DA:250,2
DA:252,1
DA:253,1
DA:258,8
LF:103
LH:102
BRDA:12,0,0,8
BRDA:12,0,1,0
BRDA:33,1,0,3
BRDA:33,1,1,5
BRDA:33,2,0,8
BRDA:33,2,1,7
BRDA:33,2,2,6
BRDA:40,3,0,1
BRDA:40,3,1,4
BRDA:63,4,0,1
BRDA:63,4,1,2
BRDA:81,5,0,2
BRDA:81,5,1,7
BRDA:81,6,0,9
BRDA:81,6,1,8
BRDA:90,7,0,2
BRDA:90,7,1,4
BRDA:96,8,0,2
BRDA:96,8,1,2
BRDA:115,9,0,2
BRDA:115,9,1,6
BRDA:129,10,0,1
BRDA:129,10,1,1
BRDA:139,11,0,1
BRDA:139,11,1,0
BRDA:169,12,0,3
BRDA:169,12,1,6
BRDA:189,13,0,1
BRDA:189,13,1,1
BRDA:217,14,0,0
BRDA:217,14,1,5
BRDA:246,15,0,2
BRDA:246,15,1,2
BRF:33
BRH:30
end_of_record
TN:
SF:helpers\bcrypt.js
FN:2,(anonymous_0)
FN:7,(anonymous_1)
FNF:2
FNH:2
FNDA:20,(anonymous_0)
FNDA:9,(anonymous_1)
DA:1,11
DA:2,11
DA:3,20
DA:4,20
DA:7,11
DA:8,9
DA:12,11
LF:7
LH:7
BRF:0
BRH:0
end_of_record
TN:
SF:helpers\jwt.js
FN:3,(anonymous_0)
FN:4,(anonymous_1)
FNF:2
FNH:2
FNDA:23,(anonymous_0)
FNDA:78,(anonymous_1)
DA:1,10
DA:3,23
DA:4,78
DA:6,10
LF:4
LH:4
BRF:0
BRH:0
end_of_record
TN:
SF:helpers\logger.js
FN:6,(anonymous_0)
FNF:1
FNH:1
FNDA:2,(anonymous_0)
DA:1,8
DA:2,8
DA:4,8
DA:6,8
DA:7,2
DA:8,2
DA:9,2
DA:10,2
DA:13,8
LF:9
LH:9
BRF:0
BRH:0
end_of_record
TN:
SF:middlewares\authentication.js
FN:3,(anonymous_0)
FNF:1
FNH:1
FNDA:80,(anonymous_0)
DA:1,9
DA:3,9
DA:4,80
DA:5,80
DA:7,80
DA:8,7
DA:11,73
DA:13,73
DA:14,2
DA:17,71
DA:18,68
DA:19,68
DA:21,3
DA:23,3
DA:24,0
DA:27,3
DA:28,3
DA:31,0
DA:35,9
LF:19
LH:17
BRDA:7,0,0,7
BRDA:7,0,1,73
BRDA:13,1,0,2
BRDA:13,1,1,71
BRDA:23,2,0,0
BRDA:23,2,1,3
BRDA:27,3,0,3
BRDA:27,3,1,0
BRF:8
BRH:6
end_of_record
TN:
SF:middlewares\upload.js
FN:11,(anonymous_0)
FNF:1
FNH:1
FNDA:8,(anonymous_0)
DA:1,8
DA:4,8
DA:6,8
DA:13,8
DA:14,1
DA:16,7
DA:20,8
LF:7
LH:7
BRDA:13,0,0,1
BRDA:13,0,1,7
BRF:2
BRH:2
end_of_record
TN:
SF:models\favorite.js
FN:3,(anonymous_0)
FN:10,(anonymous_1)
FNF:2
FNH:2
FNDA:11,(anonymous_0)
FNDA:11,(anonymous_1)
DA:2,11
DA:3,11
DA:12,11
DA:15,11
DA:49,11
LF:5
LH:5
BRF:0
BRH:0
end_of_record
TN:
SF:models\user.js
FN:4,(anonymous_0)
FN:11,(anonymous_1)
FN:63,(anonymous_2)
FNF:3
FNH:3
FNDA:11,(anonymous_0)
FNDA:11,(anonymous_1)
FNDA:14,(anonymous_2)
DA:2,11
DA:3,11
DA:4,11
DA:13,11
DA:16,11
DA:63,11
DA:64,14
DA:66,11
LF:8
LH:8
BRF:0
BRH:0
end_of_record
TN:
SF:routes\aiRoutes.js
FNF:0
FNH:0
DA:1,8
DA:2,8
DA:3,8
DA:4,8
DA:7,8
DA:9,8
DA:11,8
LF:7
LH:7
BRF:0
BRH:0
end_of_record
TN:
SF:routes\favoriteRoutes.js
FNF:0
FNH:0
DA:1,8
DA:2,8
DA:3,8
DA:4,8
DA:7,8
DA:9,8
DA:10,8
DA:11,8
DA:13,8
LF:9
LH:9
BRF:0
BRH:0
end_of_record
TN:
SF:routes\newsRoutes.js
FNF:0
FNH:0
DA:1,8
DA:2,8
DA:3,8
DA:4,8
DA:7,8
DA:8,8
DA:10,8
LF:7
LH:7
BRF:0
BRH:0
end_of_record
TN:
SF:routes\userRoutes.js
FNF:0
FNH:0
DA:1,8
DA:2,8
DA:3,8
DA:4,8
DA:5,8
DA:8,8
DA:9,8
DA:10,8
DA:13,8
DA:14,8
DA:15,8
DA:21,8
LF:12
LH:12
BRF:0
BRH:0
end_of_record
